2025-01-30 04:28:21,535 INFO: Certificate Generator startup [in /home/runner/workspace/app.py:26]
2025-01-30 04:28:23,326 INFO: Certificate Generator startup [in /home/runner/workspace/app.py:26]
2025-01-30 04:29:42,650 ERROR: Template upload error: file 'uploads/template.pptx' is not a Word file, content type is 'application/vnd.openxmlformats-officedocument.presentationml.presentation.main+xml' [in /home/runner/workspace/routes.py:40]
2025-01-30 04:30:35,150 INFO: Certificate Generator startup [in /home/runner/workspace/app.py:26]
2025-01-30 04:30:41,810 INFO: Certificate Generator startup [in /home/runner/workspace/app.py:26]
2025-01-30 04:30:47,042 INFO: Certificate Generator startup [in /home/runner/workspace/app.py:26]
2025-01-30 04:35:09,470 ERROR: Certificate generation error: [Errno 2] No such file or directory: 'feed data.xlsx' [in /home/runner/workspace/routes.py:81]
2025-01-30 04:35:19,370 ERROR: Certificate generation error: [Errno 2] No such file or directory: 'feed data.xlsx' [in /home/runner/workspace/routes.py:81]
2025-01-30 04:36:25,209 INFO: Certificate Generator startup [in /home/runner/workspace/app.py:26]
2025-01-30 04:36:26,441 INFO: Certificate Generator startup [in /home/runner/workspace/app.py:26]
2025-01-30 04:36:27,017 INFO: Certificate Generator startup [in /home/runner/workspace/app.py:26]
2025-01-30 04:36:56,956 ERROR: Certificate generation error: [Errno 2] No such file or directory: 'feed data.xlsx' [in /home/runner/workspace/routes.py:81]
2025-01-30 04:37:14,033 ERROR: Certificate generation error: [Errno 2] No such file or directory: 'feed data.xlsx' [in /home/runner/workspace/routes.py:81]
2025-01-30 04:37:56,859 INFO: Certificate Generator startup [in /home/runner/workspace/app.py:26]
2025-01-30 04:38:19,641 INFO: Certificate Generator startup [in /home/runner/workspace/app.py:26]
2025-01-30 04:38:20,231 INFO: Certificate Generator startup [in /home/runner/workspace/app.py:26]
2025-01-30 04:39:15,223 INFO: Template file saved at: uploads/template.pptx [in /home/runner/workspace/routes.py:34]
2025-01-30 04:39:20,705 INFO: Template file saved at: uploads/format.docx [in /home/runner/workspace/routes.py:34]
2025-01-30 04:54:36,106 INFO: Template file saved at: uploads/format.docx [in /home/runner/workspace/routes.py:34]
2025-01-30 04:54:46,359 INFO: Template file saved at: uploads/template.pptx [in /home/runner/workspace/routes.py:34]
2025-01-30 04:54:47,009 INFO: Data file saved at: uploads/feed_data.xlsx [in /home/runner/workspace/routes.py:62]
2025-01-30 04:54:54,531 INFO: Generating certificates using template: uploads/template.pptx and data: uploads/feed_data.xlsx [in /home/runner/workspace/routes.py:98]
2025-01-30 04:54:54,531 INFO: Variable mapping: {'name': 'name', 'reg-id': 'reg-id'} [in /home/runner/workspace/routes.py:99]
2025-01-30 04:57:07,485 INFO: Certificate Generator startup [in /home/runner/workspace/app.py:26]
2025-01-30 04:57:34,354 INFO: Certificate Generator startup [in /home/runner/workspace/app.py:26]
2025-01-30 04:58:20,211 INFO: Certificate Generator startup [in /home/runner/workspace/app.py:26]
2025-01-30 04:58:21,136 INFO: Certificate Generator startup [in /home/runner/workspace/app.py:26]
2025-01-30 05:02:40,721 INFO: Template file saved at: uploads/template.pptx [in /home/runner/workspace/routes.py:34]
2025-01-30 05:02:42,413 INFO: Data file saved at: uploads/feed_data.xlsx [in /home/runner/workspace/routes.py:62]
2025-01-30 05:02:47,811 INFO: Generating certificates using template: uploads/template.pptx and data: uploads/feed_data.xlsx [in /home/runner/workspace/routes.py:98]
2025-01-30 05:02:47,811 INFO: Variable mapping: {'name': 'name', 'reg-id': 'reg-id'} [in /home/runner/workspace/routes.py:99]
2025-01-30 05:03:47,939 INFO: Generating certificates using template: uploads/template.pptx and data: uploads/feed_data.xlsx [in /home/runner/workspace/routes.py:98]
2025-01-30 05:03:47,940 INFO: Variable mapping: {'name': 'name', 'reg-id': 'reg-id'} [in /home/runner/workspace/routes.py:99]
2025-01-30 05:04:09,816 INFO: Generating certificates using template: uploads/template.pptx and data: uploads/feed_data.xlsx [in /home/runner/workspace/routes.py:98]
2025-01-30 05:04:09,816 INFO: Variable mapping: {'name': 'name', 'reg-id': 'reg-id'} [in /home/runner/workspace/routes.py:99]
2025-01-30 05:05:44,041 INFO: Certificate Generator startup [in /home/runner/workspace/app.py:26]
2025-01-30 05:05:44,875 INFO: Certificate Generator startup [in /home/runner/workspace/app.py:26]
2025-01-30 05:05:46,132 INFO: Certificate Generator startup [in /home/runner/workspace/app.py:26]
2025-01-30 05:06:42,310 INFO: Template file saved at: uploads/template.pptx [in /home/runner/workspace/routes.py:34]
2025-01-30 05:06:46,895 INFO: Data file saved at: uploads/feed_data.xlsx [in /home/runner/workspace/routes.py:62]
2025-01-30 05:06:51,097 INFO: Generating certificates using template: uploads/template.pptx and data: uploads/feed_data.xlsx [in /home/runner/workspace/routes.py:98]
2025-01-30 05:06:51,097 INFO: Variable mapping: {'reg-id': 'reg-id', 'name': 'name'} [in /home/runner/workspace/routes.py:99]
2025-01-30 05:07:25,339 INFO: Generating certificates using template: uploads/template.pptx and data: uploads/feed_data.xlsx [in /home/runner/workspace/routes.py:98]
2025-01-30 05:07:25,339 INFO: Variable mapping: {'reg-id': 'reg-id', 'name': 'name'} [in /home/runner/workspace/routes.py:99]
2025-01-30 05:08:11,729 INFO: Template file saved at: uploads/template.pptx [in /home/runner/workspace/routes.py:34]
2025-01-30 05:08:12,728 INFO: Data file saved at: uploads/feed_data.xlsx [in /home/runner/workspace/routes.py:62]
2025-01-30 05:08:27,710 INFO: Generating certificates using template: uploads/template.pptx and data: uploads/feed_data.xlsx [in /home/runner/workspace/routes.py:98]
2025-01-30 05:08:27,710 INFO: Variable mapping: {'reg-id': 'reg-id', 'name': 'name'} [in /home/runner/workspace/routes.py:99]
2025-01-30 05:09:31,570 INFO: Template file saved at: uploads/template.pptx [in /home/runner/workspace/routes.py:34]
2025-01-30 05:09:32,549 INFO: Data file saved at: uploads/feed_data.xlsx [in /home/runner/workspace/routes.py:62]
2025-01-30 05:09:37,163 INFO: Generating certificates using template: uploads/template.pptx and data: uploads/feed_data.xlsx [in /home/runner/workspace/routes.py:98]
2025-01-30 05:09:37,164 INFO: Variable mapping: {'reg-id': 'reg-id', 'name': 'name'} [in /home/runner/workspace/routes.py:99]
2025-01-30 05:12:14,369 INFO: Certificate Generator startup [in /home/runner/workspace/app.py:26]
2025-01-30 05:12:15,304 INFO: Certificate Generator startup [in /home/runner/workspace/app.py:26]
2025-01-30 05:20:02,317 INFO: Certificate Generator startup [in /home/runner/workspace/app.py:26]
2025-01-30 05:20:05,647 INFO: Certificate Generator startup [in /home/runner/workspace/app.py:26]
2025-01-30 05:21:00,514 INFO: Certificate Generator startup [in /home/runner/workspace/app.py:26]
2025-01-30 05:21:50,649 INFO: Certificate Generator startup [in /home/runner/workspace/app.py:26]
2025-01-30 05:21:51,423 INFO: Certificate Generator startup [in /home/runner/workspace/app.py:26]
2025-01-30 05:23:50,381 INFO: Certificate Generator startup [in /home/runner/workspace/app.py:26]
2025-01-30 05:24:02,632 INFO: Certificate Generator startup [in /home/runner/workspace/app.py:26]
2025-01-30 05:24:03,522 INFO: Certificate Generator startup [in /home/runner/workspace/app.py:26]
2025-01-30 05:27:13,860 INFO: Certificate Generator startup [in /home/runner/workspace/app.py:26]
2025-01-30 05:27:15,278 INFO: Certificate Generator startup [in /home/runner/workspace/app.py:26]
2025-01-30 05:27:16,210 INFO: Certificate Generator startup [in /home/runner/workspace/app.py:26]
2025-01-30 05:28:42,341 INFO: Certificate Generator startup [in /home/runner/workspace/app.py:26]
2025-01-30 05:28:44,473 INFO: Certificate Generator startup [in /home/runner/workspace/app.py:26]
2025-01-30 05:28:45,230 INFO: Certificate Generator startup [in /home/runner/workspace/app.py:26]
2025-01-30 05:32:10,826 INFO: Certificate Generator startup [in /home/runner/workspace/app.py:26]
2025-01-30 05:32:11,984 INFO: Certificate Generator startup [in /home/runner/workspace/app.py:26]
2025-01-30 05:32:12,871 INFO: Certificate Generator startup [in /home/runner/workspace/app.py:26]
2025-01-30 05:38:43,177 INFO: Certificate Generator startup [in /home/runner/workspace/app.py:26]
2025-01-30 05:38:44,236 INFO: Certificate Generator startup [in /home/runner/workspace/app.py:26]
2025-01-30 05:51:23,622 INFO: Certificate Generator startup [in /home/runner/workspace/app.py:26]
2025-01-30 05:51:24,387 INFO: Certificate Generator startup [in /home/runner/workspace/app.py:26]
2025-01-30 05:53:41,507 INFO: Certificate Generator startup [in /home/runner/workspace/app.py:26]
2025-01-30 05:53:42,263 INFO: Certificate Generator startup [in /home/runner/workspace/app.py:26]
2025-01-30 05:56:00,119 INFO: Certificate Generator startup [in /home/runner/workspace/app.py:26]
2025-01-30 05:56:00,877 INFO: Certificate Generator startup [in /home/runner/workspace/app.py:26]
